<?xml version="1.0" encoding="UTF-8"?>
<testng-results ignored="0" total="1" passed="1" failed="0" skipped="0">
  <reporter-output>
  </reporter-output>
  <suite started-at="2020-10-19T13:11:58 IST" name="Suite" finished-at="2020-10-19T13:12:23 IST" duration-ms="24688">
    <groups>
    </groups>
    <test started-at="2020-10-19T13:11:58 IST" name="Test" finished-at="2020-10-19T13:12:23 IST" duration-ms="24688">
      <class name="TestScripts.TestCases">
        <test-method is-config="true" signature="BeforeSuite()[pri:0, instance:TestScripts.TestCases@7adda9cc]" started-at="2020-10-19T13:11:58 IST" name="BeforeSuite" finished-at="2020-10-19T13:11:58 IST" duration-ms="174" status="PASS">
          <reporter-output>
          </reporter-output>
        </test-method> <!-- BeforeSuite -->
        <test-method is-config="true" signature="setup()[pri:0, instance:TestScripts.TestCases@7adda9cc]" started-at="2020-10-19T13:11:58 IST" name="setup" finished-at="2020-10-19T13:12:04 IST" duration-ms="5933" status="PASS">
          <reporter-output>
          </reporter-output>
        </test-method> <!-- setup -->
        <test-method signature="loginPageTest(java.lang.String, java.lang.String)[pri:0, instance:TestScripts.TestCases@7adda9cc]" started-at="2020-10-19T13:12:04 IST" name="loginPageTest" finished-at="2020-10-19T13:12:23 IST" duration-ms="18615" status="PASS">
          <params>
            <param index="0">
              <value>
                <![CDATA[administrator]]>
              </value>
            </param>
            <param index="1">
              <value>
                <![CDATA[Wbcuser_1]]>
              </value>
            </param>
          </params>
          <reporter-output>
          </reporter-output>
        </test-method> <!-- loginPageTest -->
        <test-method is-config="true" signature="tearDown()[pri:0, instance:TestScripts.TestCases@7adda9cc]" started-at="2020-10-19T13:12:23 IST" name="tearDown" finished-at="2020-10-19T13:12:23 IST" duration-ms="111" status="PASS">
          <reporter-output>
          </reporter-output>
        </test-method> <!-- tearDown -->
        <test-method is-config="true" signature="AfterSuite()[pri:0, instance:TestScripts.TestCases@7adda9cc]" started-at="2020-10-19T13:12:23 IST" name="AfterSuite" finished-at="2020-10-19T13:12:23 IST" duration-ms="443" status="PASS">
          <reporter-output>
          </reporter-output>
        </test-method> <!-- AfterSuite -->
      </class> <!-- TestScripts.TestCases -->
    </test> <!-- Test -->
  </suite> <!-- Suite -->
</testng-results>
