<?xml version="1.0" encoding="UTF-8"?>
<testng-results ignored="1" total="1" passed="0" failed="0" skipped="0">
  <reporter-output>
  </reporter-output>
  <suite started-at="2020-11-24T17:47:31 IST" name="Default suite" finished-at="2020-11-24T17:47:31 IST" duration-ms="11">
    <groups>
    </groups>
    <test started-at="2020-11-24T17:47:31 IST" name="Default test" finished-at="2020-11-24T17:47:31 IST" duration-ms="11">
      <class name="TestScripts.TestCases">
        <test-method is-config="true" signature="BeforeSuite()[pri:0, instance:TestScripts.TestCases@43301423]" started-at="2020-11-24T17:47:31 IST" name="BeforeSuite" finished-at="2020-11-24T17:47:31 IST" duration-ms="189" status="PASS">
          <reporter-output>
          </reporter-output>
        </test-method> <!-- BeforeSuite -->
        <test-method is-config="true" signature="AfterSuite()[pri:0, instance:TestScripts.TestCases@43301423]" started-at="2020-11-24T17:47:31 IST" name="AfterSuite" finished-at="2020-11-24T17:47:31 IST" duration-ms="2" status="PASS">
          <reporter-output>
          </reporter-output>
        </test-method> <!-- AfterSuite -->
      </class> <!-- TestScripts.TestCases -->
    </test> <!-- Default test -->
  </suite> <!-- Default suite -->
</testng-results>
